-0.000143332406878, 7.44827651978, 2.81528401375
-0.00190789997578, 7.15246868134, 2.81528425217
-0.000363674014807, 74.1589279175, 2.81528401375
-0.000468160957098, 73.5412902832, 2.81526565552
-4.74452972412e-05, 51.3604660034, 2.81525087357
-0.000360026955605, 50.3840713501, 2.81526613235
-0.00271086767316, 34.7442092896, 2.81528377533
-0.00324092060328, 34.3348846436, 2.81530046463
-0.00116538256407, 36.480884552, 2.81531620026
-0.00096847768873, 35.7138137817, 2.81533050537
-1.21667981148e-05, 45.0371780396, 2.81534337997
-0.000295646488667, 44.02318573, 2.81537103653
-0.000112406909466, 38.1126976013, 2.81540966034
-7.92443752289e-05, 37.5201644897, 2.81543469429
-0.000937636941671, 50.4718284607, 2.81544852257
-0.00106825307012, 49.5824699402, 2.81543159485
3.11639159918e-05, 39.0977554321, 2.81539916992
-3.4149736166e-05, 38.1570854187, 2.81537771225
-0.000513691455126, 14.9623832703, 2.81536531448
-0.000594306737185, 14.6568069458, 2.81535625458
0.000642403960228, 25.0553474426, 2.81535053253
0.000406917184591, 24.8086357117, 2.81534337997
7.07404688001e-05, 34.2320632935, 2.81533575058
-4.89577651024e-05, 33.5117759705, 2.81533336639
0.00107721984386, 17.932100296, 2.81533527374
0.000740757212043, 17.6156253815, 2.81534147263
-0.000125048682094, 13.1419887543, 2.81535053253
-0.000204235315323, 12.8361701965, 2.81535577774
0.000127412378788, 30.1870803833, 2.81535696983
0.000304579734802, 29.5717277527, 2.81536102295
3.65450978279e-06, 19.4234447479, 2.81536769867
1.26585364342e-05, 19.0352783203, 2.81537127495
-0.000614136457443, 50.6648864746, 2.81537175179
-0.000998102128506, 50.0983085632, 2.81537437439
-8.16807150841e-05, 27.1251544952, 2.81537914276
-0.000419065356255, 26.5390930176, 2.8153796196
-0.000400759279728, 20.3073978424, 2.81537699699
-0.000603247433901, 19.8721923828, 2.8153617382
0.0001160800457, 33.7175979614, 2.81533622742
-0.000137975439429, 33.7036437988, 2.81530809402
-5.70341944695e-06, 23.3673419952, 2.81527805328
-0.000516504049301, 22.9224586487, 2.81525802612
-9.23946499825e-05, 20.847038269, 2.81524658203
-0.000665998086333, 20.4394435883, 2.8152346611
-0.000524258241057, 1.19819402695, 2.8152217865
-0.000484645366669, 1.18042802811, 2.8152012825
-4.72739338875e-06, 20.2478752136, 2.81517338753
-4.37013804913e-05, 19.8905735016, 2.81515264511
-2.89604067802e-05, 20.1889610291, 2.81513834
-0.000189805403352, 19.8079547882, 2.81512880325
0.000160861760378, 12.9863548279, 2.81512284279
-2.83122062683e-07, 13.1163368225, 2.8151216507
0.000182963907719, 15.4643383026, 2.81512403488
-9.9366530776e-05, 15.2327804565, 2.81512641907
-0.000115398317575, 18.2484321594, 2.81512880325
-0.000279019586742, 17.9464015961, 2.815128088
-0.000435675494373, 26.157743454, 2.81512451172
-0.000806860625744, 25.9841918945, 2.81512117386
-0.000659476965666, 13.2500486374, 2.815117836
-0.00107656419277, 13.0275554657, 2.81511831284
2.19941139221e-05, 16.4836959839, 2.81512212753
-0.000546682626009, 16.1862678528, 2.81511163712
0.000608639791608, 25.4655036926, 2.81508898735
0.000600133091211, 25.2467937469, 2.81506681442
-0.000369898974895, 20.3197364807, 2.81504535675
-0.000746265053749, 20.2883243561, 2.81502056122
-5.47990202904e-05, 14.6344251633, 2.81499290466
-0.00109323859215, 14.384469986, 2.81496691704
-0.000334750860929, 7.14762020111, 2.81494235992
-0.000356443226337, 7.06863260269, 2.81491565704
0.000293023884296, 17.4162521362, 2.81488704681
0.000371968373656, 17.407781601, 2.81486701965
3.10353934765e-05, 13.3011779785, 2.81485533714
-0.000758860260248, 13.1044120789, 2.81485199928
-0.000827345997095, 8.46487617493, 2.8148560524
-0.000678099691868, 8.3731546402, 2.81486225128
0.0005116276443, 5.59604120255, 2.81486964226
5.9075653553e-05, 5.50031900406, 2.81487178802
-0.000144813209772, 12.0543670654, 2.81486845016
-0.00119961611927, 11.8590641022, 2.81486463547
-9.35792922974e-06, 8.66462612152, 2.81486034393
-0.000183373689651, 8.53556060791, 2.81484889984
5.51696866751e-05, 3.47908163071, 2.8148317337
0.000665701925755, 3.42872476578, 2.81480741501
-9.85339283943e-06, 10.9981679916, 2.81477761269
5.03361225128e-05, 10.8175964355, 2.81474494934
0.000117247924209, 9.11265659332, 2.81471014023
9.11056995392e-05, 8.95393753052, 2.81468105316
-0.000543907284737, 37.1803131104, 2.8146572113
-0.000715292990208, 36.9998626709, 2.81463861465
0.0001390427351, 10.6193294525, 2.81462574005
-7.42971897125e-05, 10.4240665436, 2.81459617615
-1.62720680237e-05, 9.45632839203, 2.81455373764
-0.000171512365341, 9.25954246521, 2.81451654434
-5.9150159359e-05, 1.7501707077, 2.81448364258
-7.02738761902e-05, 1.7567037344, 2.81444120407
3.9441511035e-05, 8.26258563995, 2.81439065933
7.4777752161e-05, 8.11487007141, 2.8143491745
-5.13633713126e-05, 8.48174095154, 2.81431627274
-0.000129168853164, 8.31886482239, 2.81429839134
6.96666538715e-05, 1.79558897018, 2.81429386139
2.99140810966e-06, 1.81350803375, 2.81428742409
0.000150926411152, 6.95477390289, 2.81427931786
0.00017674267292, 6.8400349617, 2.81426858902
-5.88595867157e-05, 7.58997249603, 2.81425571442
-0.000123547390103, 7.45393943787, 2.81423664093
-0.00027581769973, 2.77401614189, 2.81421208382
-0.000410696491599, 2.77608394623, 2.81417965889
0.000120913609862, 5.37301588058, 2.81414031982
7.25705176592e-05, 5.28683328629, 2.81411075592
-5.33144921064e-05, 6.77007961273, 2.8140900135
-0.000127345323563, 6.65416145325, 2.81407642365
-5.62518835068e-05, 20.3501701355, 2.81406903267
-0.000103253871202, 20.2331390381, 2.81407308578
-0.000224255025387, 13.3347139359, 2.8140873909
-0.000514196697623, 13.2623386383, 2.81411170959
-4.95836138725e-06, 6.12785387039, 2.8141450882
-0.000132478773594, 6.00934314728, 2.81417179108
-0.00018728338182, 19.7204856873, 2.81419181824
-0.000265315175056, 19.5748901367, 2.81421470642
-0.000370727851987, 36.3345108032, 2.81423997879
-0.000549104064703, 36.0856781006, 2.81425786018
8.2291662693e-06, 5.30522871017, 2.81426930428
-0.000119853764772, 5.16742229462, 2.81428909302
-0.000144369900227, 3.76969575882, 2.8143157959
-1.96248292923e-05, 3.70193862915, 2.81433391571
-0.00102550163865, 2.85628700256, 2.81434392929
-0.00117171928287, 2.81092691422, 2.81434869766
-1.51991844177e-06, 4.66216754913, 2.81434941292
-9.24384221435e-05, 4.55802154541, 2.81433773041
-4.14624810219e-05, 3.71586799622, 2.81431531906
-0.00015258602798, 3.64480280876, 2.81429433823
0.000343499705195, 17.1002006531, 2.81427454948
0.000317927449942, 17.0436286926, 2.81424951553
6.73346221447e-06, 4.07420539856, 2.81421971321
1.33588910103e-05, 3.98381328583, 2.81419277191
-4.32878732681e-06, 3.53821229935, 2.81416845322
2.90311872959e-05, 3.45587587357, 2.81415653229
1.75088644028e-05, 31.4753074646, 2.81415510178
-5.8202072978e-05, 31.3323688507, 2.81415367126
-0.000615388154984, 3.79748153687, 2.8141515255
-0.000624714419246, 3.70468449593, 2.81415343285
7.2218477726e-05, 3.37580251694, 2.81415891647
-9.55685973167e-05, 3.28394818306, 2.81416082382
-0.000150889158249, 22.4061737061, 2.81415891647
-9.35643911362e-05, 22.5168151855, 2.8141515255
-0.000421360135078, 3.49477958679, 2.81413936615
-0.000519335269928, 3.4594271183, 2.81411552429
1.50948762894e-05, 3.01741838455, 2.81408166885
-0.000150749459863, 2.96725130081, 2.8140501976
-0.000221028923988, 2.22675514221, 2.81402158737
-0.000406198203564, 2.24024152756, 2.81399345398
-0.000371910631657, 3.26757144928, 2.81396627426
-0.000787913799286, 3.23712730408, 2.8139333725
7.44611024857e-05, 2.73372673988, 2.81389570236
-0.000399850308895, 2.68948197365, 2.8138666153
-3.4598633647e-05, 16.6911506653, 2.81384515762
-0.000223517417908, 16.6394996643, 2.81383895874
0.000236220657825, 18.7978153229, 2.81384563446
0.000435911118984, 18.8269309998, 2.81386327744
2.87666916847e-05, 2.3111269474, 2.81389069557
-0.000133963301778, 2.27801418304, 2.81392383575
-0.000373652204871, 2.51841831207, 2.81396198273
-0.00023590028286, 2.52045941353, 2.813986063
0.000683642923832, 1.99354684353, 2.81399774551
0.000653728842735, 1.96869111061, 2.81400442123
0.000135572627187, 2.16459703445, 2.81400680542
-0.000101700425148, 2.1293118, 2.81400251389
-0.00017936527729, 2.4017663002, 2.81399250031
-0.000322230160236, 2.39560699463, 2.81397914886
-0.00161363184452, 19.0714855194, 2.81396317482
-0.00150584802032, 19.0965156555, 2.81394910812
-4.43756580353e-05, 2.0007815361, 2.81393623352
-0.000171394087374, 1.98454403877, 2.81392836571
-0.000280968844891, 1.72589826584, 2.81392478943
-0.000490095466375, 1.71439766884, 2.81392240524
0.000140160322189, 1.75005841255, 2.81392049789
0.000170312821865, 1.74491810799, 2.81393551826
-1.23530626297e-05, 1.90237188339, 2.81396555901
7.5101852417e-06, 1.8780579567, 2.81401968002
4.61991876364e-05, 1.77288579941, 2.81409454346
3.64184379578e-05, 1.75024938583, 2.8141579628
2.90423631668e-05, 3.0832118988, 2.81421113014
-7.04769045115e-05, 3.07304596901, 2.81426644325
6.67441636324e-05, 1.76189899445, 2.81432390213
2.23182141781e-05, 1.73294019699, 2.81438112259
-5.72577118874e-05, 1.7035586834, 2.81443786621
-0.000140961259604, 1.66985249519, 2.81449699402
-0.00025774538517, 0.971830070019, 2.81455850601
-0.000299874693155, 0.985493779182, 2.81462335587
-0.000159047544003, 2.61936306953, 2.81469154358
-0.00028233975172, 2.5944981575, 2.81474685669
-0.000114277005196, 1.50543773174, 2.81479120255
-0.000344254076481, 1.47475981712, 2.81482696533
-0.00166099891067, 23.8412055969, 2.81485509872
-0.00210231170058, 23.8794078827, 2.81487631798
0.000383388251066, 1.62331771851, 2.81489086151
0.000418932177126, 1.61952340603, 2.81490182877
5.12897968292e-05, 1.47030687332, 2.81490921974
0.000150288455188, 1.45756316185, 2.81491041183
0.000365473330021, 15.233247757, 2.81490564346
0.0003417506814, 15.2052135468, 2.81490492821
0.00141408201307, 1.82059371471, 2.81490755081
0.0013866238296, 1.80784773827, 2.81490945816
-3.19890677929e-05, 1.33699560165, 2.81491041183
-0.000463575124741, 1.30998313427, 2.81492090225
-0.000288344919682, 1.49088001251, 2.81493878365
-0.000303387641907, 1.49440824986, 2.81494665146
-9.57287847996e-05, 1.34009218216, 2.81494569778
-0.000106506049633, 1.32825350761, 2.81494998932
-4.82015311718e-05, 1.11171233654, 2.81495952606
-0.000582724809647, 1.08688616753, 2.81496953964
-0.00231481343508, 15.1535930634, 2.8149805069
-0.00260826013982, 15.0937757492, 2.81499791145
3.37027013302e-05, 14.6963129044, 2.81502079964
-4.99077141285e-05, 14.6574821472, 2.81504058838
-5.27668744326e-05, 0.904471874237, 2.81505823135
0.000110616907477, 0.868703782558, 2.81506609917
-0.000467613339424, 1.37155890465, 2.81506538391
-0.000391535460949, 1.36793935299, 2.81507444382
0.000608675181866, 1.18712902069, 2.81509208679
0.000560894608498, 1.17725837231, 2.81509399414
-3.80054116249e-05, 0.719756186008, 2.81508207321
-3.86536121368e-05, 0.69432091713, 2.81507921219
-0.000355780124664, 0.991822719574, 2.8150844574
-0.000384133309126, 0.981736540794, 2.8150832653
0.000995010137558, 1.78689944744, 2.81507635117
0.00096015073359, 1.78348779678, 2.81507253647
-0.000100174918771, 0.600672125816, 2.81507110596
-8.8308006525e-05, 0.58124101162, 2.81506800652
-0.000187355093658, 0.580707669258, 2.81506323814
-0.000649273395538, 0.564362704754, 2.81506443024
-0.000663727521896, 27.5279769897, 2.81507086754
-0.000850699841976, 27.4381351471, 2.81507349014
-0.00166068971157, 1.12012171745, 2.81507205963
-0.00150627270341, 1.09466207027, 2.815076828
7.14510679245e-05, 0.399702340364, 2.81508731842
-6.05825334787e-05, 0.375650942326, 2.81510066986
-0.000391578301787, 1.60300076008, 2.81511616707
-0.000489929690957, 1.63294970989, 2.81512022018
1.36904418468e-05, 0.887646377087, 2.81511354446
7.93486833572e-07, 0.873956263065, 2.81511592865
-3.18810343742e-05, 0.287062227726, 2.8151268959
-0.000167731195688, 0.274712860584, 2.81514787674
-0.000541366636753, 25.5648822784, 2.81517863274
-0.000672779977322, 25.4597263336, 2.81521892548
0.000188790261745, 13.0599422455, 2.8152680397
0.000242289155722, 12.9692907333, 2.81531620026
-6.44102692604e-06, 0.211920768023, 2.81536340714
-8.62926244736e-05, 0.192321687937, 2.81541538239
0.00038942694664, 14.7228384018, 2.81547164917
0.000164307653904, 14.6554613113, 2.81552290916
0.000283600762486, 0.813274145126, 2.81556987762
0.000289671123028, 0.818021595478, 2.81560373306
-1.53034925461e-05, 0.130046591163, 2.81562519073
5.41619956493e-05, 0.120329454541, 2.81563949585
0.000311695039272, 14.2280330658, 2.81564712524
0.000260092318058, 14.1694555283, 2.81565070152
7.07190483809e-05, 22.5860462189, 2.8156504631
-1.08806416392e-05, 22.4665603638, 2.8156337738
8.18036496639e-05, 0.0817873626947, 2.81560230255
6.28959387541e-05, 0.0782565996051, 2.81557512283
0.000343313440681, 0.778418838978, 2.81555175781
0.000271435827017, 0.801266074181, 2.81553077698
1.73449516296e-05, 0.945379495621, 2.81551170349
-8.93324613571e-05, 0.940998256207, 2.81549358368
-6.36074692011e-05, 0.0726246386766, 2.81547570229
-0.000372778624296, 0.0739793777466, 2.81545257568
-0.000525403767824, 0.697835385799, 2.81542444229
-0.000686813145876, 0.706859588623, 2.81539654732
-0.00156309455633, 25.1975288391, 2.81536912918
-0.00152855925262, 25.1642303467, 2.81534290314
-4.12259250879e-05, 0.0694386065006, 2.81531858444
-0.000283852219582, 0.0682248324156, 2.81530380249
0.00010846555233, 0.292475342751, 2.81529855728
0.000315368175507, 0.288003057241, 2.81528115273
-0.000182872638106, 37.1920890808, 2.81525278091
-0.000293891876936, 37.125617981, 2.81521749496
8.53091478348e-05, 0.115611813962, 2.81517648697
4.33772802353e-05, 0.116645753384, 2.8151512146
1.52550637722e-05, 0.0785273462534, 2.81513977051
-2.68220901489e-06, 0.0800759270787, 2.81512498856
0.000257816165686, 12.9138507843, 2.81510686874
8.93538817763e-05, 12.9202251434, 2.81509923935
-8.27088952065e-05, 0.718734502792, 2.81510019302
-9.58330929279e-05, 0.721836745739, 2.81509685516
0.00013779848814, 0.066072627902, 2.81508922577
0.000212945044041, 0.0671300366521, 2.81508874893
-0.00132570788264, 13.8670578003, 2.81509447098
-0.0014373101294, 13.8687210083, 2.815107584
-0.00170262623578, 21.5177536011, 2.81512737274
-0.00179940275848, 21.4980354309, 2.81515455246
2.23778188229e-05, 0.0759937614202, 2.8151884079
2.59336084127e-05, 0.078185364604, 2.81521844864
0.000147834420204, 1.48448443413, 2.8152449131
-0.000215165317059, 1.4673743248, 2.81527805328
0.000128652900457, 0.648675680161, 2.81531667709
0.000280302017927, 0.653584718704, 2.81535482407
5.00250607729e-05, 0.0909327566624, 2.81539177895
-4.84585762024e-05, 0.0932357385755, 2.81542515755
-0.000190071761608, 14.0299215317, 2.81545495987
-0.000230379402637, 14.0304279327, 2.8154873848
0.00103566050529, 1.32930278778, 2.81552171707
0.000845106318593, 1.33080267906, 2.81554794312
-1.62236392498e-05, 0.123574748635, 2.8155670166
0.000120777636766, 0.123053535819, 2.81558132172
-0.00100253988057, 1.41655087471, 2.81559181213
-0.00103447400033, 1.4151610136, 2.81559181213
0.000106938183308, 21.2553977966, 2.81558275223
1.1432915926e-05, 21.2146968842, 2.81556892395
-3.28086316586e-05, 0.111260682344, 2.81555080414
-3.9242208004e-05, 0.116646870971, 2.81552314758
-0.000212009996176, 0.921014308929, 2.81548690796
-0.000232338905334, 0.914046406746, 2.81545567513
0.00038880854845, 0.92314273119, 2.81542873383
0.000306140631437, 0.927259266376, 2.81539273262
8.44281166792e-05, 0.168701529503, 2.81534862518
0.000122927129269, 0.171761929989, 2.81530594826
0.000729793682694, 0.947877407074, 2.81526398659
0.000703506171703, 0.946201324463, 2.81522250175
-0.000761289149523, 1.4131538868, 2.81518101692
-0.000799054279923, 1.41400325298, 2.81514835358
-5.44637441635e-06, 0.121707879007, 2.81512355804
-6.12810254097e-05, 0.122581236064, 2.81511282921
-1.17439776659e-05, 0.185720294714, 2.81511521339
-0.000474706292152, 0.1856328547, 2.81511306763
-0.000674307346344, 21.9058876038, 2.81510686874
-0.000668786466122, 21.8634433746, 2.81511592865
0.000118426978588, 0.268684267998, 2.81513905525
0.000170271843672, 0.275049835443, 2.81514835358
9.10460948944e-06, 0.205526545644, 2.81514596939
-0.000238288193941, 0.211211815476, 2.81514692307
0.000799931585789, 12.5263967514, 2.81515073776
0.00020694360137, 12.5305557251, 2.81512832642
-6.89886510372e-05, 0.580503880978, 2.81508350372
-0.000407960265875, 0.581092178822, 2.81503343582
2.1131709218e-05, 0.187739178538, 2.81497859955
0.000342698767781, 0.18650765717, 2.814930439
-0.000132761895657, 1.8025290966, 2.81488800049
-0.000245247036219, 1.8012162447, 2.8148419857
-0.000281818211079, 0.949955582619, 2.81479310989
-0.000329546630383, 0.951170682907, 2.81474375725
0.000130474567413, 0.182107552886, 2.81469392776
0.000126257538795, 0.180732727051, 2.81465744972
-2.32178717852e-06, 13.5561857224, 2.81463336945
-6.78896903992e-05, 13.5430383682, 2.81460428238
0.000439192168415, 1.78295123577, 2.81457090378
0.000242032110691, 1.78765654564, 2.81454563141
-5.34132122993e-05, 0.159308433533, 2.81452679634
1.38096511364e-05, 0.155854910612, 2.8145160675
0.00390161946416, 1.91486752033, 2.81451177597
0.00367418676615, 1.91736364365, 2.81450605392
-0.0020985994488, 20.7913017273, 2.81449794769
-0.00240887701511, 20.7660064697, 2.81448316574
2.5674700737e-05, 0.206618189812, 2.81446146965
-0.000168299302459, 0.212795436382, 2.81443786621
-0.000671247020364, 1.13003015518, 2.81441235542
-0.00050956569612, 1.123072505, 2.81439399719
8.50483775139e-06, 0.608718037605, 2.81438207626
-0.000224288552999, 0.611750125885, 2.81437349319
-9.22791659832e-05, 0.193563729525, 2.81436777115
-0.000104233622551, 0.196123868227, 2.81436395645
-1.67302787304e-05, 0.588581323624, 2.8143620491
7.25239515305e-05, 0.588351488113, 2.81436753273
-0.00192398298532, 25.8694381714, 2.81437921524
-0.00205732509494, 25.7928848267, 2.81438422203
3.85288149118e-05, 0.227784901857, 2.81438302994
5.52535057068e-05, 0.241194710135, 2.81438040733
-5.39943575859e-05, 0.407408863306, 2.81437730789
-0.000201035290956, 0.412627637386, 2.81436872482
-0.000447317957878, 0.851379990578, 2.81435632706
-0.000499605201185, 0.835818529129, 2.81434965134
-0.000501584261656, 1.03788292408, 2.81434845924
-0.00065066665411, 1.04720854759, 2.81433439255
-4.99989837408e-05, 0.293291449547, 2.8143093586
-8.23913142085e-05, 0.297462493181, 2.81428718567
-0.000148274004459, 14.8458042145, 2.81426715851
-0.000203713774681, 14.8467788696, 2.81425046921
4.96320426464e-05, 1.1808706522, 2.81423664093
-0.000253923237324, 1.17941081524, 2.81420660019
-0.000167798250914, 0.343448758125, 2.81416153908
-0.000673070549965, 0.339794099331, 2.81411600113
-0.000455517321825, 14.546333313, 2.81407022476
-0.00072768330574, 14.5390415192, 2.81401872635
0.000154759734869, 0.995182394981, 2.81396198273
0.000144552439451, 0.98987019062, 2.81390953064
5.70863485336e-05, 0.323823809624, 2.81386089325
0.000262934714556, 0.316308498383, 2.81381773949
-0.000368431210518, 1.61189484596, 2.8137793541
-0.000463893637061, 1.62045800686, 2.81374931335
-0.000232072547078, 0.954991817474, 2.81372690201
-0.000283099710941, 0.948625683784, 2.81370687485
-5.86276873946e-05, 0.252483546734, 2.81368923187
-2.08020210266e-05, 0.246962934732, 2.81367945671
6.54086470604e-05, 23.7743530273, 2.81367659569
-4.03337180614e-05, 23.7002944946, 2.81367826462
0.00020862929523, 1.99934101105, 2.81368398666
0.00018111243844, 2.01543045044, 2.81369185448
-7.22203403711e-05, 0.1650814116, 2.81370162964
-0.000118341296911, 0.155821725726, 2.8137216568
-2.54400074482e-05, 1.36445355415, 2.81374979019
-3.6858022213e-05, 1.37477254868, 2.81377601624
-0.000237263739109, 0.830132722855, 2.81379985809
-0.000445764511824, 0.828580319881, 2.81381082535
7.55460932851e-05, 0.130567848682, 2.81381130219
-0.000181943178177, 0.126720055938, 2.81380796432
0.000978238880634, 12.6705513, 2.8138012886
0.00094024091959, 12.6371250153, 2.81379318237
0.000369798392057, 22.7521972656, 2.81378364563
0.000379774719477, 22.7746601105, 2.81377339363
-4.8503279686e-05, 0.112226739526, 2.81376266479
-4.47705388069e-05, 0.114365719259, 2.81375455856
3.18735837936e-05, 0.669023215771, 2.8137485981
-0.000160340219736, 0.668485999107, 2.81374192238
0.000418674200773, 14.1449222565, 2.81373405457
0.000197885558009, 14.1456661224, 2.81373643875
9.35308635235e-05, 0.142691075802, 2.81374764442
0.000251956284046, 0.142858013511, 2.81375932693
-0.000161442905664, 0.199526786804, 2.81377220154
-0.000312734395266, 0.199162691832, 2.81378221512
-0.000364871695638, 1.57868719101, 2.81379008293
-0.000438626855612, 1.57843720913, 2.8138051033
5.59762120247e-05, 1.02537286282, 2.81382703781
-4.76576387882e-05, 1.02559745312, 2.81384992599
3.61800193787e-05, 0.147623345256, 2.81387424469
4.77209687233e-06, 0.14669239521, 2.81389284134
-0.000244323164225, 1.68314170837, 2.81390666962
-0.000350460410118, 1.68267798424, 2.81391906738
7.77840614319e-06, 1.176248312, 2.81393098831
-0.000335294753313, 1.17691040039, 2.81394052505
-4.04249876738e-05, 0.12651103735, 2.81394767761
-0.000267263501883, 0.126262336969, 2.81395411491
2.75410711765e-05, 1.66552114487, 2.8139591217
1.45100057125e-05, 1.66155195236, 2.81397151947
-1.92485749722e-05, 0.783115267754, 2.81398963928
5.79282641411e-06, 0.785163462162, 2.81401014328
6.50361180305e-05, 0.135741814971, 2.81403255463
7.46957957745e-05, 0.136218354106, 2.81405353546
0.000121116638184, 0.848829388618, 2.81407308578
0.000199059024453, 0.846873819828, 2.81409645081
-0.000480607151985, 0.791843354702, 2.81412363052
-0.000530119985342, 0.793046414852, 2.81415915489
1.94795429707e-05, 0.136743694544, 2.81420254707
5.29736280441e-06, 0.136318862438, 2.81425666809
0.174553185701, 10.095407486, 2.75305390358
0.173614352942, 9.2234287262, 2.75315380096
-0.00546968728304, 13.507724762, 2.75325393677
-0.00532610714436, 13.1893453598, 2.75328850746
0.126098558307, 15.5715169907, 2.75328826904
0.122416362166, 15.4979009628, 2.75328612328
2.04890966415e-08, 2.24420595169, 2.75328063965
-0.000544019043446, 2.27737474442, 2.75328397751
2.23517417908e-08, 1.91626739502, 2.75329494476
0.000723883509636, 1.8817346096, 2.75330209732
-0.0, 1.78282999992, 2.75330781937
-0.00326497852802, 1.70048332214, 2.75330853462
0.00128563120961, 1.49964416027, 2.75330495834
-0.00220058113337, 1.43466436863, 2.7533082962
7.45058059692e-09, 3.54307794571, 2.7533197403
0.00252763740718, 3.3086540699, 2.75334143639
-1.67638063431e-08, 0.406819343567, 2.75337076187
-0.00497975479811, 0.439076125622, 2.75338888168
3.72529029846e-09, 9.65348625183, 2.75339746475
-0.00326820462942, 9.73604774475, 2.75340127945
0.0170189253986, 9.48468875885, 2.75340104103
0.0181487873197, 9.47877311707, 2.75339221954
0.100605919957, 22.8416900635, 2.75305390358
0.0991802811623, 22.2917671204, 2.75315380096
0.00136842019856, 8.4143447876, 2.75325345993
0.000285878777504, 8.43983840942, 2.75327920914
-0.00270544365048, 8.40023708344, 2.75329494476
-0.00740774348378, 8.23497581482, 2.75335073471
0.0696982145309, 0.49927085638, 2.75341749191
0.070632442832, 0.55763977766, 2.75347161293
-2.60770320892e-08, 0.86715388298, 2.7535161972
-0.00099553912878, 0.881577134132, 2.7535610199
0.026891419664, 0.992020726204, 2.75360655785
0.0246813781559, 0.981714010239, 2.75362873077
7.45058059692e-09, 1.6641304493, 2.75364208221
-0.0107302451506, 1.64955115318, 2.75365257263
0.0191067382693, 8.72640323639, 2.75367164612
0.015208426863, 8.74066543579, 2.75368595123
0.0403152182698, 38.332359314, 2.7536945343
0.0403507165611, 38.1072845459, 2.75370121002
0.0704613551497, 1.61830425262, 2.75370597839
0.0724533051252, 1.58049809933, 2.75371360779
-1.49011611938e-08, 3.40348100662, 2.75372457504
0.0005700327456, 3.3157491684, 2.75374078751
1.49011611938e-08, 2.37516641617, 2.75376152992
-0.000254615209997, 2.20577478409, 2.75376558304
0.03980730474, 9.41390609741, 2.75375509262
0.0390227995813, 9.56275081635, 2.7537419796
0.0224695503712, 1.02138328552, 2.7537279129
0.0216079056263, 0.999333500862, 2.75371646881
-3.72529029846e-08, 0.580166935921, 2.75370788574
-0.000196041539311, 0.580746173859, 2.75369596481
0.0385077670217, 9.11858654022, 2.7536816597
0.0388125777245, 9.12354278564, 2.75366926193
0.00130358710885, 1.61587321758, 2.75365924835
-0.00179798528552, 1.60928189754, 2.75364351273
0.0199267417192, 11.7288036346, 2.75362229347
0.00483922474086, 11.5886974335, 2.75361275673
0.156109333038, 66.2710876465, 2.75359582901
0.152425214648, 65.9027481079, 2.75358390808
0.122624844313, 45.7080612183, 2.75357604027
0.115780189633, 44.7977600098, 2.75358128548
0.0626105740666, 1.97027921677, 2.75359654427
0.0626170784235, 2.05834412575, 2.75361776352
0.000362789258361, 0.0741163864732, 2.75364494324
0.0003662109375, 0.0524053126574, 2.75365781784
0.00083377584815, 0.0726261436939, 2.75365805626
0.000797368586063, 0.0783443897963, 2.75365543365
7.663667202e-05, 0.179507791996, 2.75365114212
5.16213476658e-05, 0.191402420402, 2.75363564491
0.0578530319035, 0.445105493069, 2.75361013412
0.0578892976046, 0.401718825102, 2.75358605385
0.0114613296464, 7.50923728943, 2.75356292725
0.0116604678333, 7.49523353577, 2.75353717804
3.35276126862e-08, 0.659394264221, 2.75350832939
-0.00238118693233, 0.621466159821, 2.75347709656
-1.86264514923e-09, 0.471207588911, 2.75344419479
-0.00347589328885, 0.454862385988, 2.7534070015
0.0827073901892, 2.20910143852, 2.7533686161
0.0808088332415, 2.10724067688, 2.75333881378
0.151726186275, 34.4111366272, 2.75331640244
0.153246864676, 34.1509666443, 2.75330257416
0.0320001989603, 0.796886205673, 2.75329637527
0.0315020680428, 0.783799886703, 2.75330138206
-1.49011611938e-08, 1.45235931873, 2.75331640244
-0.000224595889449, 1.38978827, 2.75333118439
-1.11758708954e-08, 1.92835330963, 2.75334692001
-0.00135478377342, 1.92860555649, 2.75336098671
1.86264514923e-08, 2.1004486084, 2.75337362289
0.000928925350308, 2.01716136932, 2.75338172913
-9.31322574615e-09, 0.906310081482, 2.75338554382
-0.00444546341896, 0.822617650032, 2.75338745117
0.07017762959, 0.41599547863, 2.75338745117
0.0643079206347, 0.395177304745, 2.7533864975
1.49011611938e-08, 1.31971931458, 2.75338935852
-0.00670700892806, 1.32401740551, 2.75337743759
0.0295685492456, 0.264331996441, 2.75305390358
0.019136570394, 0.22983969748, 2.7529540062
0.0217554308474, 36.7198181152, 2.75286078453
0.0179357603192, 35.723777771, 2.75280857086
-0.000667501240969, 0.0214341878891, 2.83787703514
-0.00119803287089, 0.0209087878466, 2.83787703514
7.45058059692e-09, 2.36336684227, 2.75276279449
0.000842092558742, 2.45193624496, 2.75277471542
1.49011611938e-08, 0.0389051362872, 2.83787703514
-0.000339597463608, 0.0384512394667, 2.83785510063
7.45058059692e-09, 9.17258644104, 2.75280094147
0.000175558030605, 9.04020118713, 2.75280475616
-3.72529029846e-09, 229.449279785, 2.83781170845
-0.000331737101078, 229.395111084, 2.83781337738
-1.30385160446e-08, 0.00532776257023, 2.83783102036
-7.3254108429e-05, 0.0054570119828, 2.8378610611
0.00182154402137, 1.78625535965, 2.75279760361
-0.0004061460495, 1.8220487833, 2.75281262398
-3.72529029846e-09, 0.103662244976, 2.83789920807
-0.000144043006003, 0.103295899928, 2.83792471886
-1.86264514923e-08, 4.7391910553, 2.75284385681
-0.00104120653123, 4.75823640823, 2.7528719902
-0.0, 0.00460180826485, 2.83794021606
-0.000656312331557, 0.00458378484473, 2.83793926239
-1.86264514923e-08, 1.34646773338, 2.75289726257
-0.00108021497726, 1.32886230946, 2.75292491913
2.79396772385e-09, 0.00902978330851, 2.83793067932
-8.7708234787e-05, 0.00898944213986, 2.83792281151
7.45058059692e-09, 0.0056275636889, 2.83791542053
6.06440007687e-05, 0.0057141687721, 2.83792304993
-7.45058059692e-09, 0.552705645561, 2.75295352936
2.8669834137e-05, 0.542281270027, 2.75296354294
1.49011611938e-08, 0.00489374902099, 2.83794212341
-3.47774475813e-05, 0.00495156366378, 2.83795309067
-1.49011611938e-08, 1.23100447655, 2.75295877457
-0.00306908786297, 1.18693363667, 2.75294923782
1.86264514923e-09, 1.79006493092, 2.83795785904
-9.4398856163e-06, 1.78875398636, 2.8379638195
1.49011611938e-08, 1.78880596161, 2.75293397903
0.00216158479452, 1.78210651875, 2.75291728973
-0.0, 0.0149104222655, 2.83797073364
-1.48192048073e-05, 0.0150606920943, 2.8379881382
7.45058059692e-09, 2.09271526337, 2.75289916992
7.74785876274e-05, 2.00937247276, 2.75288629532
-1.49011611938e-08, 0.00399043457583, 2.83801460266
-2.32951715589e-05, 0.00402739597484, 2.83803653717
0.12470933795, 1.92337155342, 2.75305390358
0.120029509068, 1.82192802429, 2.75305390358
3.72529029846e-09, 2.61083054543, 2.75305175781
-0.00196886062622, 2.43341994286, 2.75310659409
-0.00155321415514, 0.0621932670474, 2.83787703514
-0.00284484028816, 0.0601961836219, 2.83777713776
-1.49011611938e-08, 0.796637773514, 2.75317621231
-0.00815797224641, 0.636302709579, 2.75325059891
-1.49011611938e-08, 0.120661884546, 2.83767700195
-0.000465538352728, 0.115416631103, 2.83764696121
2.23517417908e-08, 0.786488294601, 2.7533197403
-0.00938763469458, 0.670607209206, 2.75335693359
-1.49011611938e-08, 0.115842372179, 2.83765292168
-1.42306089401e-06, 0.110608264804, 2.83766031265
-2.98023223877e-08, 2.02825403214, 2.75338411331
-0.00277541577816, 1.79560208321, 2.75341892242
1.49011611938e-08, 0.42501026392, 2.83766889572
-4.96134161949e-05, 0.418588340282, 2.83767485619
7.45058059692e-09, 11.5077180862, 2.7534532547
-0.00400555320084, 11.6556768417, 2.75349879265
1.11758708954e-08, 58.8230934143, 2.83767867088
-0.000181917101145, 58.8161392212, 2.8376750946
1.86264514923e-09, 128.310211182, 2.83766555786
-0.000166587531567, 128.250274658, 2.83765721321
-1.49011611938e-08, 10.9023323059, 2.7535507679
0.00215956196189, 10.7490634918, 2.7535982132
-0.0, 801.141845703, 2.83764982224
9.91821289062e-05, 800.968078613, 2.83763122559
1.67638063431e-08, 10.1460075378, 2.75364112854
0.00100156664848, 9.89832401276, 2.75369024277
2.421438694e-08, 0.055284075439, 2.83760356903
-6.75171613693e-05, 0.0571561940014, 2.83757686615
-7.45058059692e-09, 1.38899672031, 2.75374364853
-0.000145277008414, 1.45948266983, 2.75378108025
-0.0, 486.089508057, 2.83755159378
-0.000248827040195, 485.967987061, 2.8375377655
8.38190317154e-09, 19.2815361023, 2.7538049221
-0.00104582309723, 18.8335800171, 2.75383663177
1.86264514923e-08, 483.087677002, 2.83753418922
6.07818365097e-05, 482.897521973, 2.83753490448
0.044443551451, 11.872095108, 2.75387477875
0.0434476733208, 11.7231769562, 2.75391459465
3.72529029846e-09, 56.4113388062, 2.83753919601
-3.39820981026e-05, 56.3781356812, 2.83753848076
-1.86264514923e-09, 10.4267473221, 2.75395584106
0.000916818156838, 10.1023292542, 2.7539832592
1.86264514923e-09, 397.450927734, 2.83753323555
-8.05966556072e-06, 397.258972168, 2.83753347397
0.00682021863759, 35.5687179565, 2.75399875641
0.00606328807771, 35.558216095, 2.75401830673
2.23517417908e-08, 0.506430208683, 2.8375377655
-0.000238576903939, 0.515361607075, 2.83754825592
2.23517417908e-08, 0.0353156626225, 2.83756446838
2.45906412601e-05, 0.0358623415232, 2.83758449554
-5.58793544769e-09, 0.0245238021016, 2.8376083374
-1.59610062838e-05, 0.0248664729297, 2.83762764931
0.0291323550045, 289.394226074, 2.75404214859
0.0285754725337, 286.781433105, 2.75406599045
5.58793544769e-09, 0.0364039354026, 2.83764314651
5.17442822456e-06, 0.0365658812225, 2.83765816689
0.0418871715665, 42.4732780457, 2.75408983231
0.0405056476593, 41.8418807983, 2.75411605835
-0.0, 0.043238889426, 2.83767199516
-4.60129231215e-05, 0.0439337678254, 2.83766508102
1.86264514923e-09, 0.724354863167, 2.75414419174
-0.000905577093363, 0.689643979073, 2.7541718483
1.11758708954e-08, 222.667205811, 2.83764123917
-3.91583889723e-05, 222.601379395, 2.83763360977
3.72529029846e-09, 11.2212591171, 2.75419807434
0.000605333596468, 11.3500423431, 2.7542309761
-2.98023223877e-08, 335.173156738, 2.83763980865
-0.000229977071285, 335.03503418, 2.83764672279
0.00413068756461, 11.5251903534, 2.75426912308
0.00401067454368, 11.5448989868, 2.75430583954
9.31322574615e-09, 226.187255859, 2.83765363693
-0.00033594854176, 226.140319824, 2.83765077591
2.70083546638e-08, 9.59703063965, 2.75434112549
-0.00308872759342, 9.57251548767, 2.75436782837
7.45058059692e-09, 687.319702148, 2.83763933182
3.507360816e-06, 687.105285645, 2.83764433861
-3.72529029846e-09, 0.382904022932, 2.83766436577
-0.000336918979883, 0.391708642244, 2.83768224716
1.49011611938e-08, 2.16757822037, 2.75438642502
-0.00470077991486, 2.1689825058, 2.75441908836
7.91624188423e-09, 0.0643633976579, 2.83769869804
-0.000145547091961, 0.0660989955068, 2.83770847321
3.72529029846e-09, 9.80028820038, 2.75446224213
-0.00750133022666, 9.767370224, 2.75451993942
-2.421438694e-08, 418.606384277, 2.83771181107
0.000132542103529, 418.533843994, 2.83770656586
-1.49011611938e-08, 1.8718984127, 2.75458431244
-0.0027985945344, 1.88801980019, 2.75465321541
3.72529029846e-09, 0.125698626041, 2.83769345284
-3.27676534653e-05, 0.12890560925, 2.83769130707
1.11758708954e-08, 0.764298677444, 2.75472354889
0.00426673144102, 0.766296982765, 2.75479078293
7.45058059692e-09, 0.167628496885, 2.83769869804
-0.000317610800266, 0.169144943357, 2.83770799637
-3.72529029846e-09, 1.96763682365, 2.75485515594
0.000343024730682, 1.96834146976, 2.75492286682
1.49011611938e-08, 0.116029970348, 2.8377187252
9.90256667137e-05, 0.117996409535, 2.83772802353
-2.23517417908e-08, 1.44985389709, 2.7549932003
-0.00168794393539, 1.43642616272, 2.75506305695
-7.45058059692e-09, 0.186851918697, 2.83773612976
-0.000132415443659, 0.190004169941, 2.83775091171
3.72529029846e-09, 0.631206333637, 2.75513243675
-0.0014794562012, 0.627861142159, 2.75519561768
2.98023223877e-08, 0.650488495827, 2.83777189255
7.22985714674e-05, 0.6527364254, 2.83779287338
3.35276126862e-08, 0.957303524017, 2.75525307655
-0.0092043839395, 0.944087564945, 2.75530481339
9.31322574615e-09, 0.0787753090262, 2.83781385422
-1.60224735737e-05, 0.0792346596718, 2.83782458305
-2.23517417908e-08, 1.22063469887, 2.75535011292
-0.011152183637, 1.20974934101, 2.75539684296
-1.11758708954e-08, 127.348625183, 2.83782553673
-5.31934201717e-05, 127.321617126, 2.83782196045
-0.0, 5.03088378906, 2.75544881821
-0.00589473173022, 5.04503154755, 2.75549578667
-5.58793544769e-09, 0.554614126682, 2.83781433105
-0.00038293376565, 0.557397842407, 2.83779478073
-3.72529029846e-09, 0.616301417351, 2.75553655624
-0.00649183988571, 0.605059742928, 2.75556969643
2.23517417908e-08, 0.0690019577742, 2.83776521683
-0.000293985009193, 0.0696182325482, 2.83773875237
1.11758708954e-08, 0.816396474838, 2.75559663773
0.00156294554472, 0.793653309345, 2.75561714172
-1.49011611938e-08, 0.146184265614, 2.83771538734
-0.000587455928326, 0.147234231234, 2.83771085739
0.0243724472821, 0.812381148338, 2.75562882423
0.0236471407115, 0.78129863739, 2.75564241409
-1.86264514923e-08, 0.215142697096, 2.83772230148
1.15558505058e-05, 0.215851932764, 2.83772516251
-1.30385160446e-08, 10.1942214966, 2.75565767288
-0.00383380800486, 10.2287387848, 2.75566720963
-2.60770320892e-08, 218.630783081, 2.83772015572
0.000241171568632, 218.613189697, 2.83771848679
-3.72529029846e-09, 0.0973045378923, 2.83771944046
-0.00032589957118, 0.0984114706516, 2.83770370483
-7.45058059692e-09, 2.03018283844, 2.75567054749
0.00451410468668, 2.03177380562, 2.75566625595
7.45058059692e-09, 2.47001051903, 2.75565481186
-0.000511321239173, 2.46535015106, 2.75564289093
-3.72529029846e-09, 0.2737236619, 2.83767366409
-0.000440614297986, 0.274926543236, 2.83764743805
-0.0, 0.0671734884381, 2.83762454987
0.000303693115711, 0.0676925480366, 2.83759737015
7.45058059692e-09, 2.80846309662, 2.75563049316
0.000399878248572, 2.79395580292, 2.75561189651
4.47034835815e-08, 0.149934530258, 2.83756637573
-0.00064661167562, 0.150611191988, 2.8375287056
-1.49011611938e-08, 1.10713517666, 2.75558662415
-0.000316428951919, 1.08770513535, 2.7555770874
-2.79396772385e-09, 0.786576390266, 2.83748483658
-0.000147139653563, 0.787540912628, 2.83744049072
-2.23517417908e-08, 1.66939878464, 2.75558137894
-3.21231782436e-05, 1.64737355709, 2.75559091568
-1.86264514923e-08, 0.0597730018198, 2.83739590645
-0.000820256769657, 0.059842325747, 2.83735537529
1.62981450558e-08, 1.29254376888, 2.75560569763
-0.000714020803571, 1.25514888763, 2.75561380386
-2.421438694e-08, 0.192311406136, 2.83731889725
-0.000929420813918, 0.192380100489, 2.8372797966
-2.60770320892e-08, 0.509072899818, 2.75561642647
-0.00182266719639, 0.47172164917, 2.75562286377
2.79396772385e-09, 0.774265468121, 2.8372387886
0.00022516399622, 0.773957371712, 2.83719158173
0.464017093182, 21.3887557983, 2.75563240051
0.45913028717, 21.0371055603, 2.75559806824
-7.45058059692e-09, 0.0470936857164, 2.83713936806
7.33882188797e-05, 0.0470424331725, 2.83708667755
1.11758708954e-08, 1.73978316784, 2.75554418564
-0.000454764813185, 1.63227701187, 2.75550365448
1.49011611938e-08, 0.117485679686, 2.83703374863
-0.000110544264317, 0.117363467813, 2.83698105812
-3.72529029846e-09, 0.636029422283, 2.75547409058
0.00108269695193, 0.677660226822, 2.75544071198
-7.45058059692e-09, 0.427799761295, 2.83692836761
4.75402921438e-05, 0.427417516708, 2.83687210083
0.544296205044, 6.51510620117, 2.75540447235
0.543419957161, 6.53907871246, 2.75534582138
9.31322574615e-10, 0.0382078662515, 2.83681297302
-0.000148974359035, 0.0381886735559, 2.83675646782
-0.000346258282661, 0.117020763457, 2.75527191162
-0.000354155898094, 0.106578677893, 2.75520563126
-3.72529029846e-09, 0.0259946510196, 2.83670282364
-0.000285722315311, 0.0259504914284, 2.83665752411
-0.000543370842934, 0.0674560442567, 2.75514602661
-0.000439297407866, 0.0571417324245, 2.75509285927
-4.65661287308e-09, 0.043231356889, 2.83662080765
-0.000472128391266, 0.0431617237628, 2.8365855217
0.0602976605296, 50.1854629517, 2.75504517555
0.0578594952822, 49.5551223755, 2.75500106812
-7.45058059692e-09, 0.0666463673115, 2.83655118942
-0.000233866274357, 0.0665938705206, 2.83650803566
-2.421438694e-08, 12.2459583282, 2.75496006012
-0.00139704719186, 12.4347295761, 2.75492286682
0.0919049605727, 0.880819380283, 2.75305390358
0.0850186496973, 0.840700626373, 2.7529540062
0.012270886451, 5.44944143295, 2.7529399395
0.0122594740242, 5.40035963058, 2.75290584564
-3.35276126862e-08, 3.32685899734, 2.75285959244
-0.00566013902426, 3.2967338562, 2.75284695625
-0.000736840069294, 0.0237063206732, 2.83787703514
-0.0021724998951, 0.022839223966, 2.83797693253
-1.11758708954e-08, 0.327443569899, 2.75286841393
-0.00188699364662, 0.273288190365, 2.75285434723
-1.49011611938e-08, 0.00966281443834, 2.83807706833
-0.000228062272072, 0.0095850545913, 2.83811545372
0.00289482437074, 8.43172740936, 2.75282335281
0.000831009820104, 8.44435882568, 2.75278997421
-3.72529029846e-09, 1.80092608929, 2.83812618256
-4.53144311905e-05, 1.80027472973, 2.83816170692
0.0479532778263, 4.17495393753, 2.75276255608
0.0480566993356, 4.158639431, 2.75275301933
-7.45058059692e-09, 0.126367896795, 2.83820962906
-0.000195078551769, 0.125713825226, 2.8382692337
-2.23517417908e-08, 2.0533053875, 2.75275611877
0.00122406706214, 2.01282835007, 2.75276088715
7.45058059692e-09, 0.0947831571102, 2.83833670616
-1.39214098454e-05, 0.0937330126762, 2.83838272095
-1.11758708954e-08, 10.6372852325, 2.75276732445
-0.000257857143879, 10.6537342072, 2.75277423859
-9.31322574615e-09, 16.2132606506, 2.83841133118
-0.000229143537581, 16.2083854675, 2.83843708038
0.00301786884665, 4.02597332001, 2.75278139114
0.00241287052631, 4.00819683075, 2.752805233
-0.0, 0.0438771881163, 2.83845996857
-3.01003456116e-05, 0.0438866131008, 2.83847808838
1.49011611938e-08, 10.203414917, 2.75284147263
-0.000787544995546, 10.1833496094, 2.75288391113
-3.72529029846e-09, 14.7742786407, 2.83849096298
-0.000329308211803, 14.762339592, 2.83850383759
0.0043502189219, 11.0433864594, 2.75293159485
0.00421717390418, 10.8540439606, 2.75297665596
7.45058059692e-09, 15.6296424866, 2.83851575851
-4.90248203278e-06, 15.6245269775, 2.83852291107
0.000751130282879, 2.4270234108, 2.75301790237
-0.00186548754573, 2.50399661064, 2.75304937363
1.210719347e-08, 0.0205718744546, 2.83852553368
-4.44017350674e-05, 0.0209426358342, 2.83853292465
1.02445483208e-08, 9.51284408569, 2.75307178497
-0.000360250473022, 9.37424945831, 2.75308990479
-3.72529029846e-09, 16.2736587524, 2.83854436874
-8.53836536407e-05, 16.2604217529, 2.83856844902
3.72529029846e-09, 0.0536157935858, 2.83860230446
-0.000115301460028, 0.0540209040046, 2.83862876892
0.0123923830688, 24.3748397827, 2.75310468674
0.0119792893529, 24.4263858795, 2.75312232971
-5.58793544769e-09, 0.0740134194493, 2.83864879608
-6.04242086411e-06, 0.0744506269693, 2.83867287636
0.355511665344, 17.3823928833, 2.75314188004
0.354303717613, 17.1956729889, 2.75315904617
-3.72529029846e-09, 0.135148689151, 2.83870053291
-6.44475221634e-06, 0.135376900434, 2.83873558044
0.25641810894, 71.2294158936, 2.75317358971
0.255718588829, 70.8241043091, 2.75319886208
3.72529029846e-09, 0.151360929012, 2.83877658844
-1.32024288177e-05, 0.151362106204, 2.83881402016
0.00152019411325, 8.38651371002, 2.75323295593
-0.004110686481, 8.37357711792, 2.75327110291
1.30385160446e-08, 16.8254795074, 2.8388478756
-8.18446278572e-06, 16.8217277527, 2.83886146545
0.00104205589741, 0.433756232262, 2.75331330299
0.00122747756541, 0.44285005331, 2.75333786011
-3.72529029846e-09, 0.929999232292, 2.83886146545
-2.36611813307e-05, 0.929549455643, 2.83887195587
0.0471669510007, 11.4699583054, 2.75335884094
0.0472116395831, 11.4426612854, 2.75338339806
5.58793544769e-09, 0.421864539385, 2.83889174461
-4.28277999163e-05, 0.422487616539, 2.83890962601
1.86264514923e-09, 0.125999242067, 2.83892583847
-9.52091068029e-05, 0.126322001219, 2.83891606331
9.31322574615e-09, 3.72581100464, 2.75341081619
-0.00154350325465, 3.70698690414, 2.75343561172
-0.0, 0.0113266762346, 2.83888530731
-0.000494224950671, 0.011331086047, 2.83886861801
1.30385160446e-08, 0.728080153465, 2.75345754623
0.000621223822236, 0.735925734043, 2.75347924232
7.45058059692e-09, 0.0114243980497, 2.83886432648
5.20311295986e-05, 0.0114447027445, 2.83885097504
-9.31322574615e-09, 3.29390192032, 2.75350046158
-0.000271925702691, 3.24421691895, 2.7535200119
-7.45058059692e-09, 0.0203781612217, 2.83882856369
-0.00026261806488, 0.0203820765018, 2.83880496025
1.11758708954e-08, 3.0687828064, 2.75353741646
0.000592656433582, 2.98903727531, 2.75354480743
2.23517417908e-08, 0.0869968011975, 2.8387799263
-0.000141423195601, 0.0869852378964, 2.83875799179
3.72529029846e-09, 1.97588968277, 2.75354337692
-0.00423615518957, 1.91439890862, 2.75353717804
-1.11758708954e-08, 0.029140247032, 2.83873915672
-0.000299923121929, 0.0291018970311, 2.83872056007
-4.47034835815e-08, 0.497405588627, 2.75352716446
-0.0109691880643, 0.468924164772, 2.75351047516
-7.45058059692e-09, 0.0271123498678, 2.83870220184
-0.000216085463762, 0.0270508639514, 2.83869981766
0.0673912763596, 8.61598777771, 2.75349235535
0.0652087330818, 8.63930130005, 2.75347042084
7.45058059692e-09, 16.6394100189, 2.83871150017
-0.000313272699714, 16.6373271942, 2.83871221542
0.0271292775869, 15.4756622314, 2.75344085693
0.0304351747036, 15.4552631378, 2.75341677666
-0.0, 16.4373493195, 2.83870363235
1.26659870148e-07, 16.4350414276, 2.83868408203
0.0446464568377, 32.3486785889, 2.75339770317
0.0420829802752, 32.212059021, 2.75338339806
-3.72529029846e-09, 0.0673162788153, 2.8386554718
-3.1491741538e-05, 0.0677109062672, 2.83862352371
-7.45058059692e-09, 0.0389012098312, 2.83858823776
-2.96104699373e-05, 0.0390319339931, 2.838555336
0.000453189015388, 11.4898853302, 2.75337314606
0.000320199877024, 11.5340824127, 2.75335812569
-3.72529029846e-09, 0.025216050446, 2.83852505684
-0.000185884535313, 0.0252042710781, 2.83849668503
7.45058059692e-09, 1.97210800648, 2.75333833694
0.000254463404417, 1.95645344257, 2.75332689285
-1.11758708954e-08, 0.0159455835819, 2.83847045898
-7.60331749916e-06, 0.0159274712205, 2.83844709396
1.11758708954e-08, 0.841669678688, 2.7533223629
-0.00060698390007, 0.812435925007, 2.75332641602
-0.0, 0.0125788543373, 2.83842682838
-9.65148210526e-05, 0.0126250497997, 2.83840894699
-1.49011611938e-08, 1.77088320255, 2.75333762169
0.00058076903224, 1.70946955681, 2.75334501266
-1.11758708954e-08, 15.1205663681, 2.83839321136
7.16745853424e-06, 15.1166782379, 2.83838009834
-2.23517417908e-08, 10.3360452652, 2.75334835052
-0.00955878011882, 10.3980960846, 2.75338053703
1.67638063431e-08, 0.0236504077911, 2.83836936951
6.42938539386e-06, 0.0237883254886, 2.83836269379
0.00160698592663, 0.618298768997, 2.75343561172
-0.00647438317537, 0.616092026234, 2.75346851349
9.31322574615e-10, 0.0127705810592, 2.83836007118
-3.32444906235e-05, 0.0128038069233, 2.83835577965
0.000429581850767, 9.68923950195, 2.75348496437
-8.15391540527e-05, 9.66940689087, 2.7535007
2.98023223877e-08, 12.9499607086, 2.83834981918
-5.21093606949e-05, 12.9407453537, 2.83833599091
0.368619859219, 39.3105201721, 2.75351476669
0.360693663359, 39.2674331665, 2.75353431702
3.72529029846e-09, 0.112852074206, 2.83831501007
8.73208045959e-06, 0.113699257374, 2.83829641342
0.0990633964539, 0.846970319748, 2.75355863571
0.099691644311, 0.845221400261, 2.75358438492
-0.0, 0.0637755468488, 2.83828020096
-3.41273844242e-05, 0.0638583898544, 2.83826589584
-0.0, 0.0191879458725, 2.83825349808
-0.000156711786985, 0.0191526822746, 2.83824110031
-9.31322574615e-10, 1.62421631813, 2.75361275673
0.00148534029722, 1.60945856571, 2.75363540649
3.72529029846e-09, 0.627947807312, 2.83822822571
-9.18060541153e-05, 0.627864181995, 2.8382229805
0.0685987323523, 16.9747390747, 2.75365304947
0.0652797743678, 16.8884010315, 2.75367498398
-7.45058059692e-09, 0.156333163381, 2.83822488785
-6.39706850052e-05, 0.156447380781, 2.83822178841
0.0838876962662, 1.04835426807, 2.75370121002
0.0831566080451, 1.0246117115, 2.75372123718
-5.58793544769e-09, 4.74282646179, 2.83821368217
-3.79532575607e-05, 4.74226760864, 2.83819198608
0.0141766741872, 9.6953125, 2.7537355423
0.0159242153168, 9.73221206665, 2.75374221802
-3.72529029846e-09, 0.0914328247309, 2.83815765381
-6.64368271828e-05, 0.0913816317916, 2.838129282
0.056554954499, 2.2045943737, 2.75374174118
0.056410305202, 2.19819736481, 2.75374007225
9.31322574615e-09, 0.141355350614, 2.8381061554
-2.86176800728e-05, 0.141316279769, 2.8380792141
3.72529029846e-09, 2.59405517578, 2.75373792648
3.42284329236e-05, 2.56193399429, 2.75372838974
-3.72529029846e-09, 0.0224232301116, 2.83804893494
-0.000173676759005, 0.0223572142422, 2.83803939819
-7.45058059692e-09, 2.02643871307, 2.75371265411
-4.39416617155e-05, 1.94912183285, 2.75369405746
-1.86264514923e-09, 0.00394550245255, 2.83804821968
-0.000178664922714, 0.00394135573879, 2.83805561066
-1.95577740669e-08, 2.44924426079, 2.75367307663
-2.56188213825e-05, 2.44244003296, 2.75366401672
3.72529029846e-09, 1.21473658085, 2.83806228638
4.55603003502e-05, 1.21472787857, 2.83806204796
0.0245449990034, 1.31248402596, 2.75366592407
0.0214759372175, 1.2659304142, 2.75366592407
-0.0, 0.0070322714746, 2.83805608749
5.25414943695e-05, 0.00704171787947, 2.8380522728
0.0827371776104, 27.0357093811, 2.75366377831
0.0805342644453, 27.0479011536, 2.75366020203
-3.72529029846e-09, 14.9396686554, 2.83804988861
-1.29453837872e-05, 14.9381713867, 2.83804416656
-2.79396772385e-09, 0.243401750922, 2.75365495682
-0.00240763276815, 0.246134459972, 2.75363779068
-7.45058059692e-09, 0.205712229013, 2.8380355835
-1.60243362188e-05, 0.205542907119, 2.8380188942
-0.0, 0.533801615238, 2.75360965729
1.30385160446e-08, 0.0147561570629, 2.83799552917
-0.00618689879775, 0.535511910915, 2.75357151031
-2.99215316772e-05, 0.0148082980886, 2.83797645569
3.72529029846e-09, 0.0132733713835, 2.8379611969
-3.89851629734e-06, 0.0133092738688, 2.83795261383
-3.07336449623e-08, 0.465093463659, 2.75352573395
-0.0154103524983, 0.457253932953, 2.75349330902
-1.30385160446e-08, 0.0078041581437, 2.83794999123
-7.29188323021e-05, 0.00779987918213, 2.83795785904
1.49011611938e-08, 1.37628674507, 2.75347042084
-0.00199113087729, 1.34161794186, 2.75345182419
-0.0, 15.9288215637, 2.83797550201
-2.1867454052e-06, 15.925620079, 2.83798718452
0.00368737056851, 10.4533195496, 2.75343894958
0.0073016025126, 10.4615135193, 2.75342798233
1.49011611938e-08, 0.185377448797, 2.83799409866
-4.7605484724e-05, 0.185775339603, 2.83800697327
0.211149021983, 40.8035736084, 2.75341844559
0.210584923625, 40.6119918823, 2.75341415405
-1.02445483208e-08, 0.0441251769662, 2.83802509308
-1.75572931767e-05, 0.0443341955543, 2.83803987503
3.72529029846e-09, 2.46103715897, 2.75341463089
0.000684374943376, 2.46416068077, 2.75340366364
1.11758708954e-08, 0.011851564981, 2.83805179596
-6.32368028164e-05, 0.0118879321963, 2.83805441856
0.00931477174163, 11.0093383789, 2.75338315964
0.00849067419767, 10.9640369415, 2.75337052345
3.72529029846e-09, 11.6585769653, 2.83804941177
-4.27030026913e-05, 11.656088829, 2.83804702759
1.86264514923e-08, 1.35657441616, 2.75336551666
-0.000706434249878, 1.38144874573, 2.75334906578
-1.30385160446e-08, 17.568145752, 2.83804702759
-5.12450933456e-05, 17.5553092957, 2.83804655075
0.0043249540031, 9.8110742569, 2.75332307816
0.00328250974417, 9.69767951965, 2.75330495834
-6.51925802231e-09, 18.0335617065, 2.83804583549
-1.70469284058e-05, 18.0276184082, 2.83805370331
0.00513927917928, 12.8646631241, 2.75329303741
0.00578889623284, 12.5603132248, 2.75327205658
-3.72529029846e-09, 16.1284332275, 2.83806943893
5.42402267456e-06, 16.1235408783, 2.83808016777
-7.45058059692e-09, 14.3073530197, 2.83808612823
1.11758708954e-06, 14.3002147675, 2.83808994293
-0.0, 10.2455482483, 2.75324320793
1.74827873707e-05, 9.93194389343, 2.75321412086
-1.11758708954e-08, 0.180259406567, 2.83809137344
-2.9880553484e-05, 0.181206196547, 2.8380947113
0.158029019833, 41.4736061096, 2.7531850338
0.15632301569, 41.6639442444, 2.75316119194
7.45058059692e-09, 13.968793869, 2.83809971809
-3.8456171751e-05, 13.9618721008, 2.83810758591
0.00278051197529, 9.24678134918, 2.75314188004
0.000884637236595, 9.15290164948, 2.75312447548
-0.0, 15.9856357574, 2.83811807632
-1.15521252155e-05, 15.9782524109, 2.83813595772
0.227678269148, 32.3516273499, 2.75310850143
0.227187752724, 31.5086975098, 2.75309920311
-3.72529029846e-09, 13.0575017929, 2.83816027641
-1.83023512363e-05, 13.0538101196, 2.83816862106
0.101194560528, 43.9086265564, 2.75309610367
0.101368881762, 44.2226791382, 2.75308465958
-7.45058059692e-09, 0.0858449190855, 2.83816337585
-7.35372304916e-06, 0.0865144133568, 2.8381652832
0.00683617405593, 9.4258556366, 2.75306487083
0.00685312598944, 9.32703018188, 2.75304412842
-1.86264514923e-09, 13.2805318832, 2.83817410469
-1.28801912069e-05, 13.2780323029, 2.83817911148
-0.00104555487633, 8.25402450562, 2.75302171707
-0.00107351318002, 8.08503627777, 2.75299978256
-3.72529029846e-09, 9.55021858215, 2.83818054199
-3.57646495104e-05, 9.54958724976, 2.83817672729
-2.23517417908e-08, 2.12118434906, 2.75297784805
-0.000888975802809, 2.18505382538, 2.75295543671
1.11758708954e-08, 0.463169395924, 2.83816862106
-0.000128256157041, 0.463016539812, 2.83816099167
-7.45058059692e-09, 2.60705733299, 2.75293254852
-0.00542711652815, 2.64587235451, 2.75291109085
-0.0, 0.0570112355053, 2.83815383911
-0.000156164169312, 0.057434912771, 2.83813905716
0.00916808098555, 9.99420547485, 2.75289058685
0.00922269374132, 9.97884273529, 2.75286960602
6.51925802231e-09, 12.8905792236, 2.83811759949
-1.83098018169e-05, 12.8843955994, 2.83808517456
-0.00144221633673, 8.94061660767, 2.75284743309
0.000607244670391, 8.83273124695, 2.7528231144
7.45058059692e-09, 15.1422758102, 2.83804321289
-1.31446868181e-05, 15.1370029449, 2.83799982071
-1.86264514923e-09, 1.30754184723, 2.8379547596
-1.60671770573e-05, 1.30769920349, 2.83791232109
0.215888783336, 28.8952980042, 2.75279736519
0.214895308018, 28.6908531189, 2.75277733803
-3.72529029846e-09, 14.1906604767, 2.83787202835
-4.41893935204e-05, 14.1865711212, 2.83783602715
-0.00093387067318, 8.49447917938, 2.75276231766
-0.00302983820438, 8.30430030823, 2.75274562836
-1.11758708954e-08, 18.188457489, 2.83780384064
-9.63062047958e-05, 18.1824798584, 2.83776712418
0.153975576162, 30.0001029968, 2.75272679329
0.154432550073, 29.8704719543, 2.75271248817
-1.86264514923e-08, 0.188865855336, 2.83772587776
-4.20566648245e-05, 0.189562216401, 2.837692976
0.126198738813, 10.9556350708, 2.7527012825
0.125443130732, 10.5867185593, 2.75269556046
-3.72529029846e-09, 16.0523052216, 2.83766722679
-8.33533704281e-06, 16.0486774445, 2.83764696121
0.000149242579937, 7.75598621368, 2.75269389153
-0.000347381457686, 7.51331186295, 2.75268888474
-3.72529029846e-09, 27.4452171326, 2.83763217926
1.43963843584e-05, 27.4374198914, 2.83762836456
0.08998888731, 7.69956064224, 2.75268054008
0.0890247151256, 7.34543895721, 2.75267267227
3.72529029846e-09, 0.0616375431418, 2.83763504028
-2.60807573795e-05, 0.0622597523034, 2.83762812614
-1.49011611938e-08, 13.7211742401, 2.83760929108
-2.4076551199e-05, 13.715303421, 2.83758759499
0.0398601144552, 15.2747926712, 2.75266456604
0.0397404767573, 15.1129188538, 2.75263881683
-0.0, 0.0418895334005, 2.83756327629
-3.39820981026e-05, 0.0426085665822, 2.83753585815
0.0364467054605, 5.82133340836, 2.75259780884
0.0338912308216, 5.70479106903, 2.75256586075
-5.58793544769e-09, 24.6739196777, 2.83750605583
-5.87478280067e-06, 24.6671180725, 2.83747673035
1.11758708954e-08, 6.19151878357, 2.75254130363
-0.00154053419828, 5.94763565063, 2.75253081322
5.58793544769e-09, 0.0745424553752, 2.83744812012
2.37673521042e-06, 0.0751350224018, 2.8374273777
0.210815310478, 25.7926330566, 2.75253272057
0.210795342922, 25.8508682251, 2.75254869461
-7.45058059692e-09, 0.0358447507024, 2.83741378784
-5.49219548702e-05, 0.0361386053264, 2.83739709854
0.0819251388311, 7.31052970886, 2.75257730484
0.0761187821627, 7.30251121521, 2.75260448456
-0.0, 12.968667984, 2.83737802505
-2.95788049698e-06, 12.9656877518, 2.83736038208
1.49011611938e-08, 5.32454156876, 2.75262975693
0.00275167636573, 5.17897081375, 2.7526640892
7.45058059692e-09, 16.7230415344, 2.83734369278
-3.0592083931e-05, 16.7202777863, 2.83732128143
0.0366695895791, 74.3941879272, 2.75270628929
0.03281866014, 73.7563934326, 2.75274038315
7.45058059692e-09, 0.0610795728862, 2.83729410172
-0.000107385218143, 0.0614891834557, 2.8372836113
0.0247416608036, 5.67312383652, 2.75276613235
0.0248662661761, 5.59448289871, 2.75278234482
9.31322574615e-09, 0.120494358242, 2.83728766441
-9.62391495705e-05, 0.120733700693, 2.83729171753
-1.49011611938e-08, 2.67191791534, 2.75278925896
0.00078608840704, 2.73387050629, 2.75279450417
7.45058059692e-09, 0.0611675195396, 2.83729577065
-4.0358863771e-05, 0.0613603554666, 2.83729982376
-1.30385160446e-08, 2.41852283478, 2.75279808044
-2.23517417908e-08, 0.0493262112141, 2.83730363846
3.02530825138e-05, 2.43013238907, 2.7527961731
-0.000123798847198, 0.0493789538741, 2.8373105526
3.72529029846e-09, 0.0173549409956, 2.83732032776
-0.000274645164609, 0.0173536092043, 2.83732891083
-0.0136697776616, 1.23249912262, 2.75278925896
-0.0143743678927, 1.2147898674, 2.75278139114
4.65661287308e-09, 0.0208762381226, 2.83733654022
-0.00014516338706, 0.0208537504077, 2.83734536171
-0.000817747786641, 2.67006134987, 2.7527718544
-0.000822622328997, 2.6347823143, 2.75277066231
-3.72529029846e-09, 1.96720004082, 2.83735513687
-6.37322664261e-05, 1.96713173389, 2.83736515045
7.45058059692e-09, 1.5894510746, 2.75277709961
0.000296756625175, 1.52503275871, 2.75278711319
-7.45058059692e-09, 0.0225573852658, 2.83737564087
1.1520460248e-05, 0.0225177761167, 2.83738541603
1.49011611938e-08, 6.18780183792, 2.75280046463
-0.000705521553755, 6.22864103317, 2.75281238556
-7.45058059692e-09, 14.3485012054, 2.83739423752
5.83380460739e-06, 14.3455514908, 2.83739328384
-0.00133270025253, 1.52246773243, 2.75282359123
-0.000958412885666, 1.49136602879, 2.75281882286
-0.0, 0.110199376941, 2.83738327026
-0.00029830634594, 0.110218368471, 2.83736991882
5.58793544769e-09, 1.31470119953, 2.75279998779
-0.000832945108414, 1.28033471107, 2.75278735161
7.45058059692e-09, 0.0170075856149, 2.83735346794
-2.34767794609e-05, 0.0171208400279, 2.83734083176
-1.86264514923e-09, 6.29192018509, 2.75278019905
-0.000743093900383, 6.33238363266, 2.75277447701
-1.86264514923e-09, 6.84409093857, 2.83733177185
1.6812235117e-05, 6.84292221069, 2.83731794357
-0.0, 2.57935333252, 2.75276994705
-8.41319561005e-05, 2.54995632172, 2.75277757645
-7.45058059692e-09, 0.0238410793245, 2.83729958534
-8.23475420475e-05, 0.0239551682025, 2.83728647232
-3.72529029846e-09, 3.34756064415, 2.75279521942
-0.000802122056484, 3.28330802917, 2.75281381607
1.49011611938e-08, 0.359910130501, 2.83727788925
-0.000126156955957, 0.359285473824, 2.83727049828
1.49011611938e-08, 5.36859560013, 2.75283384323
-0.00745548680425, 5.41829204559, 2.75284600258
-1.67638063431e-08, 15.8234033585, 2.83726477623
1.46552920341e-05, 15.8192367554, 2.83725404739
7.45058059692e-09, 0.12240973115, 2.83723926544
-5.28572127223e-05, 0.122364327312, 2.83722472191
0.105176314712, 28.8577232361, 2.75285387039
0.0990037992597, 28.6902351379, 2.75286340714
3.72529029846e-09, 30.2938270569, 2.83721065521
-9.14633274078e-05, 30.2871761322, 2.83720350266
-0.00275193341076, 8.72333621979, 2.75287270546
-0.0018355101347, 8.77519226074, 2.75288486481
-0.0, 14.1452770233, 2.83720302582
-2.34358012676e-05, 14.1404008865, 2.83721351624
-0.00319303199649, 6.85955047607, 2.75289964676
-0.00488117337227, 6.81792116165, 2.75289583206
1.49011611938e-08, 0.0580504797399, 2.83723306656
-0.000392075628042, 0.0585512667894, 2.83724975586
0.0579732656479, 1.24315261841, 2.7528758049
0.0568603612483, 1.26508724689, 2.75285840034
1.49011611938e-08, 14.3589611053, 2.83726406097
-6.98752701283e-05, 14.3480405807, 2.83727884293
0.515981316566, 43.5045661926, 2.75284290314
0.48761844635, 43.3124465942, 2.7528128624
-0.0, 0.219030708075, 2.83729410172
-4.80711460114e-05, 0.219748616219, 2.83730626106
0.153251230717, 30.8391189575, 2.75277280807
0.152240812778, 30.8262081146, 2.75274443626
-3.72529029846e-09, 0.116453796625, 2.83731555939
-1.1008232832e-05, 0.116759210825, 2.83729982376
-0.00286921113729, 4.76820230484, 2.75272631645
-0.00112018547952, 4.73140859604, 2.75271749496
-0.0, 2.21699786186, 2.83726167679
3.04821878672e-06, 2.21685266495, 2.83723115921
3.72529029846e-09, 0.0193552076817, 2.83720731735
-0.000124454498291, 0.0196644701064, 2.8371694088
-0.0, 0.417002379894, 2.75271582603
-0.000135414302349, 0.425860226154, 2.75271940231
1.86264514923e-09, 0.476326525211, 2.83711910248
3.50642949343e-06, 0.476349174976, 2.83708047867
-3.72529029846e-09, 3.16040945053, 2.75272798538
-0.000823322683573, 3.10614681244, 2.75273680687
7.45058059692e-09, 19.1830978394, 2.83705186844
-1.71139836311e-05, 19.177312851, 2.83702754974
0.0099858827889, 6.37670898438, 2.75274586678
0.0103660002351, 6.41606426239, 2.7527513504
-3.72529029846e-09, 0.0440841093659, 2.83700609207
-3.35276126862e-08, 0.044346742332, 2.83698940277
1.30385160446e-08, 1.07632899284, 2.75275373459
-0.00147739052773, 1.04731273651, 2.75275826454
1.86264514923e-08, 0.0193071011454, 2.83697605133
-4.69461083412e-05, 0.0195543766022, 2.83696889877
-9.31322574615e-09, 1.34553480148, 2.75276494026
-0.00256578065455, 1.29240369797, 2.75277233124
-5.58793544769e-09, 0.0156172690913, 2.83696699142
-0.000118993222713, 0.0157918166369, 2.83697128296
1.86264514923e-08, 3.32861924171, 2.75278019905
-0.00351547449827, 3.20105695724, 2.7527782917
7.45058059692e-09, 0.214525565505, 2.8369808197
-2.31573358178e-05, 0.214340537786, 2.83697986603
0.0445197410882, 31.1125869751, 2.75277042389
0.0438181087375, 31.032989502, 2.75277066231
-2.23517417908e-08, 18.3009662628, 2.83696937561
-3.53902578354e-07, 18.2956352234, 2.8369679451
0.00485691428185, 6.13350200653, 2.75277900696
0.00505648367107, 6.20994853973, 2.75278186798
-0.0, 13.392780304, 2.83697509766
-1.56424939632e-05, 13.3901977539, 2.83697938919
0.0371643677354, 36.9605789185, 2.75278019905
0.0376135781407, 36.8854064941, 2.75278234482
3.72529029846e-09, 14.7797813416, 2.83698058128
-1.8447637558e-05, 14.7741804123, 2.83697128296
-1.86264514923e-08, 6.89114570618, 2.75278759003
-1.56089663506e-06, 6.8764538765, 2.7527885437
-7.45058059692e-09, 15.4047527313, 2.83695268631
-3.85930761695e-05, 15.3970174789, 2.83693647385
0.0646384432912, 39.6693763733, 2.75278520584
0.0632020533085, 39.3992843628, 2.75278139114
7.45058059692e-09, 0.157064408064, 2.83692264557
4.63053584099e-06, 0.158225253224, 2.83690357208
0.039342392236, 6.69404029846, 2.75277709961
0.0387400761247, 6.74846935272, 2.75277590752
7.45058059692e-09, 14.2678556442, 2.83688020706
-1.61286443472e-05, 14.263841629, 2.83686852455
-1.49011611938e-08, 18.0122489929, 2.83686685562
-1.76727771759e-05, 18.0077285767, 2.83687543869
0.006487775594, 6.79455947876, 2.75277853012
0.00690930336714, 6.78559780121, 2.75278234482
-9.31322574615e-09, 0.0200786776841, 2.83689308167
-0.000243455171585, 0.0203203372657, 2.83691644669
1.86264514923e-09, 4.23756551743, 2.75278663635
-3.34531068802e-05, 4.23696327209, 2.75279784203
1.11758708954e-08, 0.0739801973104, 2.83694458008
-3.76999378204e-05, 0.0746851786971, 2.83697509766
-0.00237983465195, 5.83078193665, 2.75281524658
-0.00504573434591, 5.82769775391, 2.75282716751
-2.79396772385e-09, 17.5347881317, 2.83700752258
-7.33435153961e-05, 17.5301589966, 2.83703899384
0.0709103196859, 5.8422164917, 2.75283384323
0.0711521953344, 5.7868270874, 2.75283885002
-1.86264514923e-09, 0.0989159792662, 2.83706951141
-1.75591558218e-05, 0.0996304452419, 2.83710718155
0.0952043458819, 33.0614547729, 2.75284218788
0.0927164033055, 33.0295028687, 2.75284743309
-7.45058059692e-09, 0.116372920573, 2.83715105057
1.8585473299e-05, 0.116646274924, 2.83718061447
0.0741753727198, 46.0005722046, 2.75285434723
0.0723216161132, 45.8620643616, 2.75286865234
3.72529029846e-09, 0.164539605379, 2.8371963501
-2.22027301788e-05, 0.164769738913, 2.83721399307
7.45058059692e-09, 1.94417595863, 2.75288915634
-0.00132936984301, 1.86901664734, 2.75289678574
-9.31322574615e-10, 0.0151136573404, 2.83723402023
-6.94617629051e-05, 0.0151562727988, 2.83724093437
7.45058059692e-09, 1.63740444183, 2.75289297104
0.000483985990286, 1.55927932262, 2.75288963318
1.49011611938e-08, 0.0397407487035, 2.83723664284
-3.74559313059e-05, 0.039780728519, 2.83722925186
-2.23517417908e-08, 6.65409803391, 2.75288677216
0.000510323792696, 6.70852470398, 2.75288844109
7.45058059692e-09, 3.30766606331, 2.83721923828
-0.000184390693903, 3.30752658844, 2.83721613884
-7.45058059692e-09, 0.330789774656, 2.83721923828
-1.05053186417e-05, 0.330767452717, 2.83722925186
1.11758708954e-08, 2.50564479828, 2.75289368629
-0.000811401754618, 2.37785196304, 2.75290083885
-1.67638063431e-08, 0.068975046277, 2.83724546432
-0.000470718368888, 0.0689430758357, 2.83726453781
1.49011611938e-08, 1.7278624773, 2.75290966034
0.000143405050039, 1.67330288887, 2.75292110443
-1.86264514923e-09, 0.0366080626845, 2.83728599548
-0.00026336684823, 0.0365868881345, 2.83731126785
-7.45058059692e-09, 8.0606098175, 2.75293493271
-0.000134121626616, 8.15836906433, 2.7529425621
-1.49011611938e-08, 13.7648801804, 2.83733987808
2.35475599766e-05, 13.7584180832, 2.83737921715
0.142644405365, 22.4853935242, 2.75294446945
0.142770946026, 22.4785423279, 2.75293827057
9.31322574615e-10, 0.217305362225, 2.83742761612
1.69072300196e-05, 0.217291116714, 2.8374774456
0.00177360698581, 2.43764853477, 2.75292491913
0.00182362273335, 2.3918466568, 2.75292396545
-1.86264514923e-09, 0.0697455108166, 2.83752822876
-1.40406191349e-05, 0.0701226294041, 2.83756923676
-1.30385160446e-08, 8.36777496338, 2.75293397903
-0.0024837590754, 8.39177131653, 2.75294494629
5.58793544769e-09, 15.4734039307, 2.83760118484
-9.65166836977e-05, 15.4625921249, 2.83762836456
-7.45058059692e-09, 0.141234487295, 2.83765006065
-2.49184668064e-05, 0.141408115625, 2.83768129349
0.156957417727, 23.1427974701, 2.75295639038
0.157299637794, 23.0818538666, 2.75298213959
1.11758708954e-08, 0.0819820016623, 2.83772015572
-2.29477882385e-05, 0.0822178721428, 2.83775615692
3.72529029846e-09, 2.95840358734, 2.75302028656
-0.00350298732519, 2.89557671547, 2.75305509567
-7.45058059692e-09, 0.0263727195561, 2.8377892971
-0.000483173877001, 0.026855064556, 2.83782720566
1.11758708954e-08, 2.7729973793, 2.75308704376
-0.00296697020531, 2.68482661247, 2.75310564041
-2.23517417908e-08, 13.5352258682, 2.83786869049
-7.60145485401e-05, 13.5220947266, 2.83791446686
2.23517417908e-08, 7.96318054199, 2.75311207771
-0.00160943716764, 8.05032539368, 2.75310707092
-1.11758708954e-08, 13.5557603836, 2.83796358109
-2.33054161072e-05, 13.553314209, 2.83801293373
0.076943449676, 23.8334236145, 2.7530913353
0.0654609203339, 23.5397186279, 2.75307893753
3.72529029846e-09, 15.1913671494, 2.83806300163
-0.000112965703011, 15.1893520355, 2.83810901642
0.151512652636, 24.3837661743, 2.7530670166
0.156046062708, 24.4398155212, 2.75306844711
-0.0, 0.0580788180232, 2.83815145493
9.13627445698e-06, 0.0585536360741, 2.83818721771
0.0571932941675, 38.6061325073, 2.75308012962
0.0576246082783, 38.3413391113, 2.75309276581
-1.49011611938e-08, 0.150408163667, 2.83821678162
2.37673521042e-06, 0.150949791074, 2.83824253082
0.121543824673, 16.0233478546, 2.75310707092
0.119235493243, 15.9632091522, 2.75311517715
7.45058059692e-09, 12.8602933884, 2.83826470375
-1.93528831005e-06, 12.8566932678, 2.83828878403
-0.0, 0.195389270782, 2.8383140564
-6.44726678729e-05, 0.195484608412, 2.83833312988
0.0140191316605, 22.6522254944, 2.75311803818
0.0127600729465, 22.601688385, 2.7531247139
-0.0, 0.178166925907, 2.83834695816
2.84444540739e-05, 0.177942723036, 2.83835840225
0.0149898976088, 40.4487190247, 2.75313568115
0.014691747725, 40.3646659851, 2.75315332413
-0.0, 0.142830222845, 2.838367939
6.81728124619e-07, 0.1425986588, 2.83837747574
1.49011611938e-08, 2.32942247391, 2.75317621231
0.00013043731451, 2.31020331383, 2.75319433212
-1.86264514923e-08, 0.0592168457806, 2.83838677406
-4.6007335186e-05, 0.0592361167073, 2.83839273453
-5.96046447754e-08, 2.02880334854, 2.75320887566
-0.000694371759892, 1.93861353397, 2.75322437286
-7.45058059692e-09, 0.140165269375, 2.83839535713
-0.000110290944576, 0.140041261911, 2.83840370178
5.58793544769e-09, 1.3139538765, 2.753241539
0.000106275081635, 1.25614273548, 2.75324726105
3.72529029846e-09, 0.259489119053, 2.83841705322
-0.00013517588377, 0.258745193481, 2.83843803406
-7.45058059692e-09, 1.57967185974, 2.75324249268
-0.000231162644923, 1.5604133606, 2.7532377243
7.45058059692e-09, 0.114712268114, 2.83846569061
-2.05487012863e-05, 0.114655710757, 2.83849573135
-1.49011611938e-08, 2.62459373474, 2.75323295593
-0.000225148163736, 2.5713956356, 2.7532286644
-0.0, 0.645488321781, 2.83852863312
5.13345003128e-06, 0.645328164101, 2.83856105804
-1.11758708954e-08, 1.85058009624, 2.75322461128
-0.000281475484371, 1.72396576405, 2.7532222271
-3.72529029846e-09, 0.0681503638625, 2.83859395981
-0.000194638967514, 0.0679665654898, 2.83863639832
0.00317130424082, 30.5075263977, 2.75322151184
0.00296561699361, 30.4811820984, 2.75322175026
-7.45058059692e-09, 12.2074184418, 2.83868765831
-2.03810632229e-05, 12.2071495056, 2.8387503624
1.11758708954e-08, 0.171604409814, 2.83882236481
-1.45584344864e-05, 0.171232298017, 2.83887839317
0.197284594178, 37.0195960999, 2.75322246552
0.194394737482, 36.504611969, 2.75322794914
-7.45058059692e-09, 1.54977834225, 2.83891963959
1.8397346139e-05, 1.54939854145, 2.83896017075
0.119584709406, 38.4094009399, 2.75323724747
0.12004160881, 38.2445640564, 2.75325155258
-1.11758708954e-08, 0.454094082117, 2.83900022507
-1.00638717413e-05, 0.453659892082, 2.83904361725
0.122508078814, 38.9004592896, 2.75327014923
0.120034858584, 37.9468994141, 2.7532954216
2.79396772385e-09, 0.582304239273, 2.83909010887
-3.49171459675e-05, 0.582112967968, 2.8391418457
0.000310424715281, 1.00710868835, 2.75332713127
0.00087109208107, 0.920038104057, 2.75335288048
-1.67638063431e-08, 0.0442131385207, 2.83919882774
-7.94008374214e-05, 0.0441603064537, 2.8392534256
0.233478739858, 13.8579292297, 2.75337314606
0.212507069111, 13.8934545517, 2.7533864975
-7.45058059692e-09, 16.0545024872, 2.8393061161
-2.30222940445e-05, 16.0540599823, 2.83935451508
0.0216491315514, 9.68044662476, 2.75339126587
0.0116256214678, 9.90417671204, 2.75338840485
-3.72529029846e-09, 14.5368728638, 2.83939933777
-0.000104820355773, 14.5344877243, 2.83944702148
0.038798827678, 17.7684230804, 2.75337958336
0.0389284193516, 17.7179946899, 2.75338220596
1.49011611938e-08, 0.0296160876751, 2.83949756622
-0.000115435570478, 0.029793664813, 2.83954715729
0.0385071262717, 1.5730073452, 2.75338697433
0.0354899205267, 1.64361596107, 2.75338315964
-7.45058059692e-09, 0.0309649761766, 2.83959674835
-0.000185668468475, 0.0309425313026, 2.83962965012
1.86264514923e-08, 0.45492130518, 2.75337767601
0.00331421382725, 0.458250820637, 2.7533698082
2.23517417908e-08, 1.55896353722, 2.83964824677
-0.000162072479725, 1.55877065659, 2.83966207504
0.253755360842, 57.6043968201, 2.75335979462
0.246513590217, 56.6856803894, 2.75336551666
2.23517417908e-08, 0.0621198378503, 2.83967256546
8.61622393131e-05, 0.0621936172247, 2.83967018127
0.00293253548443, 1.83127868176, 2.75338459015
0.00243895873427, 1.81258440018, 2.75340652466
1.49011611938e-08, 0.0235612597317, 2.83965682983
-0.000109858810902, 0.0235894657671, 2.83966302872
-7.45058059692e-09, 2.44081449509, 2.75343179703
-0.000715300440788, 2.41949319839, 2.75345158577
7.45058059692e-09, 0.108063235879, 2.8396859169
7.72792845964e-05, 0.10779966414, 2.83971214294
-0.0, 0.0662650465965, 2.83974075317
-2.4788081646e-05, 0.0661134943366, 2.83977794647
0.205780178308, 177.857757568, 2.75346708298
0.205821424723, 162.649673462, 2.75348377228
7.45058059692e-09, 0.0633982047439, 2.83982253075
-8.38190317154e-07, 0.0632220357656, 2.83986496925
0.307952284813, 36.4341278076, 2.75350189209
0.262467086315, 37.3896713257, 2.75349521637
1.02445483208e-08, 0.174445211887, 2.83990526199
-8.09505581856e-06, 0.173986241221, 2.83993291855
-2.04890966415e-08, 1.05854582787, 2.75346875191
0.00111321359873, 1.06095290184, 2.75345087051
-3.72529029846e-09, 0.0221859328449, 2.83994913101
-5.82337379456e-05, 0.0221571270376, 2.83996891975
-7.45058059692e-09, 0.628821134567, 2.75344085693
0.000539612956345, 0.622532308102, 2.75343465805
-0.0, 0.0607066974044, 2.83999204636
-4.98052686453e-05, 0.0604503341019, 2.84000515938
-1.86264514923e-08, 1.18736982346, 2.75343132019
-0.00609097443521, 1.17393565178, 2.7534301281
2.60770320892e-08, 0.102882087231, 2.84000921249
-0.000178709626198, 0.10244423151, 2.84000778198
3.72529029846e-09, 2.17562007904, 2.75343060493
-0.00586852338165, 2.08103108406, 2.75343894958
-0.0, 0.0661854967475, 2.84000110626
-0.000360507518053, 0.0656680166721, 2.83999872208
0.00442714989185, 0.686193823814, 2.75345134735
0.00118830054998, 0.697863399982, 2.75345468521
-3.72529029846e-09, 0.0989585593343, 2.84000015259
-3.56212258339e-05, 0.0987949818373, 2.84000039101
0.113297648728, 41.0000648499, 2.75344920158
0.103525228798, 40.9593505859, 2.75344562531
-7.45058059692e-09, 0.0795663967729, 2.83999919891
-2.01910734177e-05, 0.0792702585459, 2.83999466896
0.146752983332, 27.3038520813, 2.7534430027
0.147007286549, 27.108215332, 2.7534558773
-0.0, 0.145253553987, 2.83998727798
-3.69288027287e-05, 0.144601047039, 2.83999180794
-1.49011611938e-08, 3.06335067749, 2.75347971916
0.00300132110715, 2.82529377937, 2.75349712372
-9.31322574615e-09, 0.022023588419, 2.84000658989
-0.000411637127399, 0.0219226069748, 2.84000396729
2.23517417908e-08, 0.108022868633, 2.83998632431
0.000113212503493, 0.107050195336, 2.83996725082
7.45058059692e-09, 13.3954029083, 2.7535071373
-0.00223061442375, 13.6645402908, 2.75350761414
7.45058059692e-09, 4.77760696411, 2.83994722366
-1.49849802256e-05, 4.77763938904, 2.83992862701
0.00553967058659, 0.682186245918, 2.7534995079
0.00777066498995, 0.678340137005, 2.75349068642
-7.45058059692e-09, 0.0305490680039, 2.83991146088
-0.000226713716984, 0.0304753612727, 2.83989667892
-9.31322574615e-09, 0.84966981411, 2.75348162651
-0.000322122126818, 0.848564624786, 2.75346851349
-0.0, 0.0781362950802, 2.83988451958
-0.000193163752556, 0.0778970643878, 2.83986330032
7.45058059692e-09, 2.61128902435, 2.75345158577
6.46337866783e-05, 2.60423326492, 2.7534403801
3.72529029846e-09, 0.102390021086, 2.83983421326
-0.000126056373119, 0.101821377873, 2.83981132507
0.0643814429641, 27.9423942566, 2.75343370438
0.0639541596174, 27.8820934296, 2.75342941284
-1.86264514923e-09, 0.0999873355031, 2.8397936821
-0.000125178135931, 0.0996086448431, 2.8397808075
0.00475713610649, 0.309113681316, 2.75342655182
0.00389453396201, 0.31940549612, 2.75342655182
-3.72529029846e-09, 1.20043802261, 2.83977222443
1.84029340744e-06, 1.20042300224, 2.83975887299
7.45058059692e-09, 1.22423648834, 2.75342845917
-0.000700268894434, 1.20929539204, 2.75342178345
-0.0, 0.0104325832799, 2.83974051476
2.08970159292e-05, 0.0103355590254, 2.83972549438
-0.0, 0.647797107697, 2.75340795517
-0.000964909791946, 0.647003293037, 2.75340247154
-1.86264514923e-09, 0.151622831821, 2.83971309662
-0.000221215188503, 0.151259601116, 2.83969759941
2.98023223877e-08, 1.14864635468, 2.75340509415
0.000194904394448, 1.14806723595, 2.75341558456
-1.49011611938e-08, 16.8022708893, 2.83967924118
-5.35063445568e-05, 16.7946166992, 2.83966350555
0.248407110572, 26.7058067322, 2.75343322754
0.220531508327, 26.6879997253, 2.75342416763
-7.45058059692e-09, 0.119416117668, 2.83965063095
-0.000191431492567, 0.119580902159, 2.83965015411
0.028630644083, 20.7520027161, 2.75339269638
0.0310142971575, 20.570110321, 2.75336408615
-1.86264514923e-08, 13.5119314194, 2.83966040611
1.82539224625e-05, 13.5101032257, 2.83968281746
0.000777915120125, 2.02111887932, 2.75333690643
-0.00184353441, 2.09231257439, 2.75330305099
-0.0, 0.0517090894282, 2.83971571922
2.39908695221e-05, 0.0519836321473, 2.83974599838
-1.67638063431e-08, 1.01431417465, 2.75326299667
0.00449738092721, 1.01256752014, 2.75322389603
-1.86264514923e-09, 0.581096470356, 2.8397731781
-7.41556286812e-05, 0.581025600433, 2.83979129791
0.0367152392864, 19.7811031342, 2.75318574905
0.0365104079247, 19.7476577759, 2.75315380096
-8.38190317154e-09, 0.0664074718952, 2.83980131149
4.59440052509e-05, 0.0666424334049, 2.83981132507
-1.49011611938e-08, 0.444989204407, 2.75312709808
7.19167292118e-05, 0.448898136616, 2.75311136246
-1.49011611938e-08, 0.0133928414434, 2.83982181549
-0.000236704945564, 0.0133886039257, 2.83983039856
-0.0, 0.0722660720348, 2.83983755112
2.59280204773e-05, 0.0722742080688, 2.83983278275
0.00995576009154, 1.68155646324, 2.75310587883
0.00981490314007, 1.67970085144, 2.75310182571
7.45058059692e-09, 0.0196164119989, 2.83981704712
-0.000128484331071, 0.0195860899985, 2.83980417252
-0.000198973342776, 1.22440814972, 2.75309896469
-0.000746972858906, 1.21781802177, 2.75308847427
1.86264514923e-09, 0.0565992221236, 2.8397936821
-0.00064118206501, 0.0564776845276, 2.83979225159
-1.39698386192e-08, 2.30490493774, 2.75307106972
0.000138603150845, 2.29855108261, 2.75306224823
3.72529029846e-09, 15.6927452087, 2.83979940414
-0.000323414802551, 15.6880874634, 2.83980703354
0.00134848803282, 10.5317316055, 2.75306129456
-9.85320657492e-05, 10.5199422836, 2.75305509567
7.45058059692e-09, 1.4984960556, 2.83981442451
-8.98689031601e-05, 1.49833393097, 2.83981966972
-7.45058059692e-09, 2.42781114578, 2.75304508209
-0.00135087966919, 2.4397315979, 2.753033638
7.45058059692e-09, 0.0150169087574, 2.83982276917
-0.000712241977453, 0.01541314926, 2.83982610703
0.152570277452, 12.6529159546, 2.75302171707
0.153190284967, 12.5980501175, 2.75301456451
-9.31322574615e-10, 0.0313523933291, 2.83982896805
-0.000438336282969, 0.0313341543078, 2.83983135223
0.0616390779614, 12.1581296921, 2.75301265717
0.0573637485504, 12.1418972015, 2.75301647186
-0.0, 0.242758572102, 2.83983278275
-0.000489242374897, 0.242594182491, 2.83980774879
8.84756445885e-09, 0.0181150157005, 2.83976125717
-0.000398904085159, 0.0181185584515, 2.83971619606
-0.000119399279356, 1.66830229759, 2.75302553177
0.00252556428313, 1.61338055134, 2.75302743912
-4.65661287308e-10, 15.6731719971, 2.83967232704
0.000349096953869, 15.6639766693, 2.83962583542
0.00621196627617, 28.148141861, 2.75302290916
0.00573927816004, 27.946395874, 2.75302028656
-0.0, 17.8844413757, 2.83957767487
-2.65650451183e-05, 17.8820419312, 2.83952641487
0.000974535010755, 13.5142536163, 2.75301933289
-0.000654105097055, 13.0262317657, 2.75302267075
-0.0, 7.85020065308, 2.83947324753
-8.5948035121e-05, 7.84927940369, 2.83942937851
0.0301316455007, 11.4347085953, 2.75303006172
0.02955282107, 11.2441148758, 2.75304031372
7.45058059692e-09, 14.686252594, 2.83939409256
2.20444053411e-05, 14.6834821701, 2.83935451508
5.19957393408e-05, 1.03855657578, 2.75305390358
-4.31016087532e-06, 1.10643172264, 2.75305843353
-0.0, 0.183495998383, 2.83931159973
-6.0074031353e-05, 0.183271944523, 2.83928060532
-0.0, 11.977684021, 2.83926033974
-8.12914222479e-05, 11.9767045975, 2.8392367363
0.115976504982, 43.3652839661, 2.75305438042
0.116303600371, 43.1935882568, 2.75306606293
0.0739396512508, 89.1042022705, 2.75305390358
0.0657290220261, 86.9368438721, 2.75305390358
0.0377077311277, 94.4544448853, 2.75305390358
0.032125018537, 91.7366333008, 2.75309467316
0.000617740675807, 15.209236145, 2.83787703514
0.000291993841529, 15.1877155304, 2.83797693253
0.0275774747133, 43.1839790344, 2.75316047668
0.0231894999743, 43.4186172485, 2.753210783
3.72529029846e-09, 12.7632331848, 2.83807706833
-0.00048541650176, 12.7466964722, 2.8381729126
0.098096460104, 179.512420654, 2.7532491684
0.0941711217165, 176.175720215, 2.75328302383
-5.58793544769e-09, 0.131838321686, 2.83826875687
-1.1008232832e-05, 0.133851259947, 2.83836293221
0.0114501267672, 46.5284919739, 2.75331163406
0.0109072253108, 45.296043396, 2.75334334373
1.11758708954e-08, 0.0933074206114, 2.83845663071
-0.000234711915255, 0.0934118628502, 2.83854746819
0.0137287452817, 4.39326763153, 2.75337600708
0.0148634016514, 4.35373878479, 2.75339150429
-7.45058059692e-09, 0.303165018559, 2.8386361599
-7.09015876055e-05, 0.302973628044, 2.83872461319
0.0216334909201, 4.17606449127, 2.75339698792
0.0208257287741, 4.00638484955, 2.75340747833
7.45058059692e-09, 0.154821634293, 2.83881282806
-0.000527255237103, 0.155072361231, 2.83889079094
-0.0, 0.0479355752468, 2.83895993233
-0.000782169401646, 0.0480453260243, 2.83900547028
-0.00018173456192, 2.10495209694, 2.75342130661
-5.75557351112e-05, 2.01224374771, 2.75343036652
-2.23517417908e-08, 0.0439112558961, 2.83903694153
-0.000261688604951, 0.0439774170518, 2.83906030655
0.000279888510704, 19.4512195587, 2.75343513489
0.000358432531357, 19.0481109619, 2.7534365654
-7.45058059692e-09, 15.0488128662, 2.83907699585
-0.000225245952606, 15.0428943634, 2.83909273148
0.0201761983335, 35.6592102051, 2.75343537331
0.0200438573956, 36.124370575, 2.75342559814
-1.11758708954e-08, 4.6307592392, 2.83910799026
6.86198472977e-05, 4.62966156006, 2.8391289711
0.00900848396122, 1.94280958176, 2.75340747833
0.00828138738871, 1.93152940273, 2.75338602066
-0.0, 0.0583696700633, 2.83915543556
-0.000255696475506, 0.0586956217885, 2.83917355537
0.0099868029356, 16.2260284424, 2.75336122513
0.0103047098964, 16.0423107147, 2.75333499908
7.45058059692e-09, 0.0227161161602, 2.83918428421
-4.2587518692e-05, 0.0229558963329, 2.83918905258
0.0114221312106, 4.24007987976, 2.75330972672
0.00908778421581, 4.16029405594, 2.75328183174
